<?xml version="1.0" encoding="utf-8" standalone="no"?>
<!--This file represents the results of running a test suite-->
<test-results name="D:\F#_projects\YC.PrettyPrinter - build\tests\YC.PrettyPrinter.Tests\bin\Release\YC.PrettyPrinter.Tests.dll" total="1" errors="0" failures="0" not-run="0" inconclusive="0" ignored="0" skipped="0" invalid="0" date="2015-04-30" time="16:09:09">
  <environment nunit-version="2.6.4.14350" clr-version="2.0.50727.8009" os-version="Microsoft Windows NT 6.2.9200.0" platform="Win32NT" cwd="D:\F#_projects\YC.PrettyPrinter - build" machine-name="ANDREYCOMP" user="Андрей" user-domain="ANDREYCOMP" />
  <culture-info current-culture="ru-RU" current-uiculture="ru-RU" />
  <test-suite type="Assembly" name="D:\F#_projects\YC.PrettyPrinter - build\tests\YC.PrettyPrinter.Tests\bin\Release\YC.PrettyPrinter.Tests.dll" executed="True" result="Success" success="True" time="0.462" asserts="0">
    <results>
      <test-suite type="Namespace" name="YC" executed="True" result="Success" success="True" time="0.369" asserts="0">
        <results>
          <test-suite type="Namespace" name="PrettyPrinter" executed="True" result="Success" success="True" time="0.369" asserts="0">
            <results>
              <test-suite type="TestFixture" name="Tests" executed="True" result="Success" success="True" time="0.362" asserts="0">
                <results>
                  <test-case name="YC.PrettyPrinter.Tests.hello returns 42" executed="True" result="Success" success="True" time="0.336" asserts="1" />
                </results>
              </test-suite>
            </results>
          </test-suite>
        </results>
      </test-suite>
    </results>
  </test-suite>
</test-results>